<?xml version="1.0" encoding="UTF-8"?>
<!-- Generated by org.testng.reporters.JUnitXMLReporter -->
<testsuite ignored="3" hostname="DESKTOP-6BBBRQ1" failures="0" tests="6" name="Test(failed)" time="0.149" errors="0" timestamp="2025-08-19T09:34:10 IST">
  <testcase classname="com.actitime.testcases.ProjectModule" name="deleteProject" time="0.022"/>
  <testcase classname="com.actitime.testcases.ProjectModule" name="createProject" time="0.003"/>
  <testcase classname="com.actitime.testcases.UserModule" name="createUser" time="0.006"/>
  <testcase classname="com.actitime.testcases.UserModule" name="deleteUser" time="0.003"/>
  <testcase classname="com.actitime.testcases.CustomerModule" name="createCustomer" time="0.005"/>
  <testcase classname="com.actitime.testcases.CustomerModule" name="deleteCustomer" time="0.006"/>
  <testcase classname="com.actitime.testcases.ProjectModule" name="modifyProject" time="0.0">
    <ignored/>
  </testcase> <!-- modifyProject -->
  <testcase classname="com.actitime.testcases.UserModule" name="modifyUser" time="0.0">
    <ignored/>
  </testcase> <!-- modifyUser -->
  <testcase classname="com.actitime.testcases.CustomerModule" name="modifyCustomer" time="0.0">
    <ignored/>
  </testcase> <!-- modifyCustomer -->
</testsuite> <!-- Test(failed) -->
