<?xml version="1.0" encoding="UTF-8"?>
<!-- Generated by org.testng.reporters.JUnitXMLReporter -->
<testsuite ignored="0" hostname="DESKTOP-7HJ645U" failures="0" tests="3" name="TestC" time="21.972" errors="0" timestamp="2025-09-15T08:52:19 IST">
  <testcase classname="com.actitime.testcases.UserModule" name="createUser" time="0.005"/>
  <testcase classname="com.actitime.testcases.UserModule" name="deleteUser" time="0.003"/>
  <testcase classname="com.actitime.testcases.UserModule" name="modifyUser" time="0.002"/>
</testsuite> <!-- TestC -->
