<?xml version="1.0" encoding="UTF-8"?>
<!-- Generated by org.testng.reporters.JUnitXMLReporter -->
<testsuite ignored="0" hostname="DESKTOP-7HJ645U" failures="0" tests="6" name="Default test" time="22.62" errors="0" timestamp="2025-09-16T09:30:01 IST">
  <testcase classname="data_driven_testing.LearnParameters" name="login" time="4.441"/>
  <testcase classname="data_driven_testing.LearnParameters" name="login" time="3.619"/>
  <testcase classname="data_driven_testing.LearnParameters" name="login" time="3.717"/>
  <testcase classname="data_driven_testing.LearnParameters" name="login" time="3.609"/>
  <testcase classname="data_driven_testing.LearnParameters" name="login" time="3.606"/>
  <testcase classname="data_driven_testing.LearnParameters" name="login" time="3.569"/>
</testsuite> <!-- Default test -->
